SF:lib/core/api/api_config.dart
DA:6,2
DA:8,2
DA:9,20
DA:12,2
DA:13,4
DA:16,2
DA:17,4
DA:20,2
DA:21,4
LF:9
LH:9
end_of_record
SF:lib/core/params/get_movies_params.dart
DA:9,9
DA:15,1
DA:16,1
DA:17,1
DA:18,1
DA:19,1
DA:20,1
LF:7
LH:7
end_of_record
SF:lib/core/params/no_params.dart
DA:4,8
DA:5,8
LF:2
LH:2
end_of_record
SF:lib/data/dto/producer_interval_dto.dart
DA:6,6
DA:13,1
DA:14,1
DA:15,1
DA:16,1
DA:17,1
DA:18,1
DA:22,3
DA:23,3
DA:24,3
DA:25,3
DA:26,3
DA:27,3
LF:13
LH:13
end_of_record
SF:lib/domain/entities/producer_interval.dart
DA:8,12
DA:15,2
DA:18,0
DA:19,0
DA:20,0
DA:21,0
DA:22,0
DA:23,0
DA:25,1
DA:27,3
DA:28,3
DA:29,3
DA:30,2
DA:32,1
DA:34,1
DA:35,1
DA:36,1
DA:37,1
DA:38,1
DA:42,1
DA:48,1
DA:49,1
DA:50,0
DA:51,1
DA:52,0
LF:25
LH:17
end_of_record
SF:lib/data/dto/sort_dto.dart
DA:6,7
DA:12,3
DA:13,3
DA:14,3
DA:15,3
DA:16,3
DA:20,4
DA:21,4
DA:22,4
DA:23,4
DA:24,4
LF:11
LH:11
end_of_record
SF:lib/domain/entities/sort.dart
DA:9,17
DA:15,6
DA:18,3
DA:19,9
DA:20,9
DA:21,6
DA:22,6
DA:24,3
DA:25,24
DA:27,3
DA:29,3
DA:30,3
DA:31,3
DA:32,3
DA:36,1
DA:41,1
DA:42,1
DA:43,0
DA:44,1
DA:48,0
DA:49,0
DA:50,0
DA:51,0
DA:52,0
LF:24
LH:18
end_of_record
SF:lib/data/dto/movie_dto.dart
DA:7,5
DA:16,2
DA:17,2
DA:18,2
DA:19,2
DA:20,2
DA:21,2
DA:22,2
DA:23,2
DA:27,3
DA:28,3
DA:29,3
DA:30,3
DA:31,3
DA:32,15
DA:33,15
DA:34,3
LF:17
LH:17
end_of_record
SF:lib/data/dto/movie_result_dto.dart
DA:10,3
DA:24,1
DA:25,1
DA:26,2
DA:27,2
DA:28,1
DA:29,1
DA:30,1
DA:31,1
DA:32,1
DA:33,2
DA:34,1
DA:35,1
DA:36,1
DA:40,2
DA:41,2
DA:42,4
DA:43,4
DA:44,2
DA:45,2
DA:46,2
DA:47,2
DA:48,2
DA:49,4
DA:50,2
DA:51,2
DA:52,2
DA:56,1
DA:57,4
DA:60,2
DA:61,8
LF:31
LH:31
end_of_record
SF:lib/data/dto/pageable_dto.dart
DA:7,5
DA:16,2
DA:17,2
DA:18,4
DA:19,2
DA:20,2
DA:21,2
DA:22,2
DA:23,2
DA:27,3
DA:28,3
DA:29,6
DA:30,3
DA:31,3
DA:32,3
DA:33,3
DA:34,3
LF:17
LH:17
end_of_record
SF:lib/domain/entities/movie.dart
DA:13,15
DA:22,2
DA:25,0
DA:26,0
DA:27,0
DA:28,0
DA:29,0
DA:30,0
DA:31,0
DA:32,0
DA:34,1
DA:36,3
DA:37,3
DA:38,3
DA:39,3
DA:40,3
DA:41,2
DA:43,3
DA:45,3
DA:46,3
DA:47,3
DA:48,3
DA:49,3
DA:50,3
DA:51,3
DA:55,1
DA:63,1
DA:64,1
DA:65,1
DA:66,0
DA:67,1
DA:68,1
DA:69,0
DA:73,0
DA:74,0
DA:75,0
DA:76,0
DA:77,0
DA:78,0
DA:79,0
DA:80,0
LF:41
LH:23
end_of_record
SF:lib/domain/entities/movie_result.dart
DA:19,0
DA:20,0
DA:21,0
DA:22,0
DA:23,0
DA:24,0
DA:25,0
DA:26,0
DA:27,0
DA:28,0
DA:29,0
DA:30,0
DA:31,0
DA:35,10
DA:49,3
DA:52,1
DA:53,3
DA:54,3
DA:55,0
DA:56,0
DA:57,0
DA:58,0
DA:59,0
DA:60,0
DA:61,0
DA:62,0
DA:63,0
DA:64,0
DA:68,1
DA:70,3
DA:71,3
DA:72,3
DA:73,3
DA:74,3
DA:75,3
DA:76,3
DA:77,3
DA:78,3
DA:79,3
DA:80,2
DA:83,1
DA:85,1
DA:86,1
DA:87,1
DA:88,1
DA:89,1
DA:90,1
DA:91,1
DA:92,1
DA:93,1
DA:94,1
DA:95,1
DA:96,1
DA:101,1
DA:114,1
DA:115,1
DA:116,1
DA:117,0
DA:118,1
DA:119,1
DA:120,0
DA:121,1
DA:122,1
DA:123,1
DA:124,1
DA:125,1
LF:66
LH:41
end_of_record
SF:lib/domain/entities/pageable.dart
DA:13,14
DA:22,4
DA:25,2
DA:26,6
DA:27,6
DA:28,3
DA:29,3
DA:30,3
DA:31,3
DA:32,3
DA:34,2
DA:36,6
DA:37,6
DA:38,6
DA:39,6
DA:40,6
DA:41,4
DA:43,2
DA:45,2
DA:46,2
DA:47,2
DA:48,2
DA:49,2
DA:50,2
DA:51,2
DA:55,1
DA:63,1
DA:64,1
DA:65,1
DA:66,0
DA:67,0
DA:68,1
DA:69,1
DA:73,0
DA:74,0
DA:75,0
DA:76,0
DA:77,0
DA:78,0
DA:79,0
DA:80,0
LF:41
LH:31
end_of_record
SF:lib/data/dto/studio_dto.dart
DA:5,4
DA:10,1
DA:11,1
DA:12,1
DA:13,1
DA:17,2
DA:18,2
DA:19,2
DA:20,2
LF:9
LH:9
end_of_record
SF:lib/domain/entities/studio.dart
DA:6,9
DA:11,1
DA:14,0
DA:15,0
DA:16,0
DA:17,0
DA:19,1
DA:20,5
DA:23,1
DA:25,3
DA:28,1
DA:32,1
DA:33,1
DA:34,0
LF:14
LH:9
end_of_record
SF:lib/data/dto/year_with_multiple_winners_dto.dart
DA:5,4
DA:11,1
DA:12,1
DA:13,1
DA:14,1
DA:18,2
DA:19,2
DA:20,2
DA:21,2
LF:9
LH:9
end_of_record
SF:lib/domain/entities/year_with_multiple_winners.dart
DA:6,9
DA:11,1
DA:14,0
DA:15,0
DA:16,0
DA:17,0
DA:19,1
DA:20,5
DA:22,1
DA:24,1
DA:25,1
DA:26,1
DA:30,1
DA:34,1
DA:35,1
DA:36,0
LF:16
LH:11
end_of_record
SF:lib/data/dto/producer_interval_result_dto.dart
DA:9,4
DA:14,2
DA:15,2
DA:16,2
DA:17,0
DA:18,2
DA:19,8
DA:20,2
DA:21,0
DA:22,2
DA:23,8
DA:27,2
DA:28,2
DA:29,2
DA:32,1
DA:33,2
DA:34,1
DA:35,1
DA:36,1
DA:37,1
DA:38,1
DA:40,1
LF:22
LH:20
end_of_record
SF:lib/domain/entities/producer_interval_result.dart
DA:8,9
DA:13,4
DA:16,0
DA:17,0
DA:18,0
DA:19,0
DA:21,1
DA:22,5
DA:24,1
DA:26,3
DA:29,1
DA:33,1
DA:34,0
DA:35,0
LF:14
LH:8
end_of_record
SF:lib/core/failures/data_source_failure.dart
DA:4,3
DA:9,0
DA:10,0
LF:3
LH:1
end_of_record
SF:lib/core/failures/parsing_failure.dart
DA:5,2
DA:12,1
DA:14,4
DA:17,0
DA:18,0
LF:5
LH:3
end_of_record
SF:lib/core/logger.dart
DA:9,1
DA:12,3
LF:2
LH:2
end_of_record
SF:lib/data/data_source/api_movie_data_source.dart
DA:73,1
DA:82,1
DA:85,4
DA:86,1
DA:87,0
DA:88,1
DA:91,2
DA:92,1
DA:94,3
DA:95,3
DA:96,1
DA:105,1
DA:108,2
DA:109,2
DA:110,1
DA:111,0
DA:112,1
DA:114,1
DA:122,1
DA:125,2
DA:126,2
DA:127,1
DA:128,0
DA:129,1
DA:132,2
DA:133,1
DA:135,3
DA:136,3
DA:137,1
DA:146,1
DA:150,4
DA:151,1
DA:152,0
DA:153,1
DA:154,1
DA:182,1
DA:185,1
DA:186,2
DA:187,3
DA:188,1
DA:190,3
DA:191,3
DA:192,1
LF:43
LH:39
end_of_record
SF:lib/core/failures/api_failure.dart
DA:5,0
DA:11,0
DA:12,0
LF:3
LH:0
end_of_record
SF:lib/core/failures/failure.dart
DA:6,12
DA:11,0
DA:12,0
LF:3
LH:1
end_of_record
SF:lib/data/repositories/movie_repository_impl.dart
DA:26,1
DA:31,1
DA:33,2
DA:39,1
DA:41,2
DA:47,1
DA:49,2
DA:55,1
DA:57,2
LF:9
LH:9
end_of_record
SF:lib/domain/use_cases/get_movies.dart
DA:24,1
DA:30,1
DA:32,2
LF:3
LH:3
end_of_record
SF:lib/domain/use_cases/get_studio_with_most_wins.dart
DA:27,1
DA:36,1
DA:38,2
LF:3
LH:3
end_of_record
SF:lib/domain/use_cases/get_producers_with_max_min_interval.dart
DA:25,1
DA:33,1
DA:35,2
LF:3
LH:3
end_of_record
SF:lib/domain/use_cases/get_years_with_multiple_winners.dart
DA:26,1
DA:35,1
DA:37,2
LF:3
LH:3
end_of_record
SF:lib/presentation/cubit/years/years_with_multiple_winners_cubit.dart
DA:11,2
DA:12,4
DA:14,2
DA:15,4
DA:16,6
DA:17,2
DA:18,4
DA:19,6
LF:8
LH:8
end_of_record
SF:lib/presentation/cubit/years/years_with_multiple_winners_state.dart
DA:5,2
DA:6,2
DA:15,2
DA:16,2
DA:17,4
DA:22,1
DA:23,1
DA:24,2
LF:8
LH:8
end_of_record
SF:lib/presentation/cubit/producers/producers_with_max_min_interval_cubit.dart
DA:9,2
DA:10,4
DA:12,2
DA:13,4
DA:14,6
DA:15,2
DA:16,4
DA:17,6
LF:8
LH:8
end_of_record
SF:lib/presentation/cubit/producers/producers_with_max_min_interval_state.dart
DA:5,2
DA:6,2
DA:15,2
DA:16,2
DA:17,4
DA:22,1
DA:23,1
DA:24,2
LF:8
LH:8
end_of_record
SF:lib/presentation/cubit/studios/studio_with_most_wins_cubit.dart
DA:10,2
DA:11,4
DA:13,2
DA:14,4
DA:15,6
DA:16,2
DA:17,4
DA:18,6
LF:8
LH:8
end_of_record
SF:lib/presentation/cubit/studios/studio_with_most_wins_state.dart
DA:5,2
DA:6,2
DA:15,2
DA:16,2
DA:17,4
DA:22,1
DA:23,1
DA:24,2
LF:8
LH:8
end_of_record
SF:lib/presentation/cubit/movies_list/movie_list_cubit.dart
DA:11,6
DA:13,2
DA:14,4
DA:15,6
DA:17,2
DA:22,2
DA:23,4
DA:24,2
DA:25,8
LF:9
LH:9
end_of_record
SF:lib/presentation/cubit/movies_list/movie_list_state.dart
DA:7,0
DA:8,0
DA:12,2
DA:13,2
DA:22,2
DA:23,2
DA:24,8
DA:30,1
DA:31,1
DA:32,2
LF:10
LH:8
end_of_record
SF:lib/presentation/cubit/movies_by_year/movies_by_year_cubit.dart
DA:9,2
DA:10,4
DA:12,1
DA:13,2
DA:14,1
DA:15,2
DA:16,1
DA:17,4
DA:18,4
LF:9
LH:9
end_of_record
SF:lib/presentation/cubit/movies_by_year/movies_by_year_state.dart
DA:5,1
DA:6,1
DA:15,1
DA:16,1
DA:17,2
DA:22,1
DA:23,1
DA:24,2
LF:8
LH:8
end_of_record
SF:lib/presentation/movies/movie_list_page.dart
DA:11,3
DA:13,1
DA:14,1
DA:20,1
DA:22,1
DA:23,3
DA:26,1
DA:28,1
DA:29,1
DA:30,1
DA:31,2
DA:32,1
DA:33,1
DA:37,1
DA:38,1
DA:40,1
DA:41,4
DA:49,1
DA:50,1
DA:51,1
DA:52,1
DA:54,1
DA:55,1
DA:56,1
DA:57,1
DA:58,4
DA:59,1
DA:60,1
DA:66,1
DA:67,4
DA:71,1
DA:74,1
DA:75,1
DA:77,1
DA:78,1
DA:79,1
DA:80,1
DA:85,0
DA:86,0
DA:88,0
DA:90,0
DA:96,1
DA:97,1
DA:99,1
DA:100,3
DA:102,1
DA:104,1
DA:105,0
DA:106,0
DA:107,0
DA:109,0
DA:112,1
DA:113,0
DA:114,0
DA:115,0
DA:116,0
DA:118,0
DA:126,1
DA:127,1
DA:128,2
DA:129,1
DA:130,1
DA:134,1
DA:135,0
DA:136,1
DA:137,1
DA:139,1
DA:140,2
DA:141,2
DA:142,1
DA:143,1
DA:150,3
DA:151,1
DA:152,1
DA:153,4
DA:154,4
DA:155,3
DA:156,3
DA:159,1
DA:170,1
DA:171,1
DA:172,2
DA:173,1
DA:174,1
DA:175,1
DA:178,1
DA:179,2
DA:180,0
DA:181,0
DA:182,0
DA:189,5
DA:190,4
DA:191,1
DA:192,0
DA:193,0
DA:194,0
DA:211,0
DA:212,0
DA:213,0
DA:214,0
DA:216,0
DA:222,1
DA:224,2
DA:225,1
DA:228,1
DA:229,4
DA:230,4
DA:231,4
DA:232,3
LF:109
LH:84
end_of_record
SF:lib/core/api/api_util_impl.dart
DA:7,0
DA:9,0
DA:11,0
DA:12,0
DA:13,0
DA:14,0
DA:16,0
DA:17,0
DA:18,0
DA:19,0
LF:10
LH:0
end_of_record
SF:lib/presentation/dashboard/dashboard_page.dart
DA:15,3
DA:17,1
DA:18,1
DA:22,1
DA:24,3
DA:25,3
DA:26,3
DA:27,1
DA:30,1
DA:32,1
DA:33,4
DA:39,1
DA:40,1
DA:41,1
DA:42,4
DA:46,1
DA:47,1
DA:48,1
DA:49,3
DA:50,1
DA:51,1
DA:52,4
DA:73,1
DA:74,4
DA:75,4
DA:76,4
DA:77,3
LF:27
LH:27
end_of_record
SF:lib/presentation/widgets/main_drawer.dart
DA:8,4
DA:10,2
DA:12,2
DA:14,2
DA:15,6
DA:16,4
DA:17,16
DA:18,2
DA:21,2
DA:22,2
DA:23,2
DA:25,2
DA:26,4
DA:30,0
DA:31,0
DA:32,0
DA:36,2
DA:37,2
DA:39,2
DA:40,4
DA:44,0
DA:45,0
DA:46,0
LF:23
LH:17
end_of_record
SF:lib/presentation/dashboard/widgets/movies_by_year_search.dart
DA:10,2
DA:12,1
DA:13,1
DA:19,1
DA:21,1
DA:23,1
DA:24,0
DA:25,2
DA:26,1
DA:27,1
DA:29,1
DA:31,1
DA:33,1
DA:35,1
DA:36,1
DA:37,1
DA:39,1
DA:40,1
DA:48,1
DA:49,0
DA:50,0
DA:52,0
DA:54,0
DA:63,1
DA:64,1
DA:65,1
DA:66,2
DA:74,0
DA:76,0
DA:77,0
DA:79,0
DA:80,0
DA:82,0
DA:94,0
DA:95,0
DA:96,0
DA:97,0
DA:98,0
DA:99,0
DA:100,0
DA:103,0
DA:110,1
DA:112,1
DA:113,1
DA:115,1
DA:116,2
DA:118,1
DA:143,1
DA:145,2
DA:146,1
LF:50
LH:31
end_of_record
SF:lib/presentation/dashboard/widgets/producers_interval_table.dart
DA:11,2
DA:13,1
DA:15,1
DA:17,1
DA:19,2
DA:20,2
DA:22,1
DA:23,1
DA:25,1
DA:26,0
DA:27,1
DA:28,1
DA:37,1
DA:39,1
DA:41,1
DA:43,1
DA:45,1
DA:46,2
DA:50,1
DA:51,2
DA:57,1
DA:59,1
DA:61,1
DA:62,1
DA:65,1
DA:66,1
DA:67,2
DA:70,1
DA:72,1
DA:78,1
DA:80,3
DA:81,1
DA:88,1
DA:97,1
DA:98,1
DA:99,1
DA:100,1
DA:101,2
DA:103,4
DA:104,4
DA:105,4
LF:41
LH:40
end_of_record
SF:lib/presentation/dashboard/widgets/top_studio_winners_table.dart
DA:10,2
DA:12,1
DA:14,1
DA:16,1
DA:17,1
DA:18,1
DA:20,2
DA:22,1
DA:23,1
DA:25,1
DA:26,0
DA:27,1
DA:28,1
DA:30,1
DA:32,1
DA:34,1
DA:35,1
DA:36,2
DA:39,1
DA:40,1
DA:46,6
DA:47,1
DA:48,1
DA:59,1
DA:66,1
DA:67,2
DA:68,3
DA:69,4
LF:28
LH:27
end_of_record
SF:lib/presentation/dashboard/widgets/years_with_multiple_winners_table.dart
DA:9,2
DA:11,1
DA:13,1
DA:15,1
DA:17,1
DA:18,1
DA:20,2
DA:21,1
DA:22,1
DA:24,1
DA:25,0
DA:26,1
DA:27,1
DA:29,1
DA:31,1
DA:33,1
DA:34,1
DA:35,2
DA:38,1
DA:39,1
DA:45,3
DA:46,1
DA:47,1
DA:58,1
DA:65,1
DA:66,2
DA:67,4
DA:68,4
LF:28
LH:27
end_of_record
SF:lib/presentation/dashboard/widgets/table_title.dart
DA:5,8
DA:10,1
DA:12,2
DA:13,1
DA:14,1
DA:15,1
DA:16,1
LF:7
LH:7
end_of_record
SF:lib/presentation/utils/snack_bar.dart
DA:4,0
DA:5,0
DA:6,0
DA:8,0
DA:10,0
DA:16,0
LF:6
LH:0
end_of_record
SF:lib/presentation/dashboard/widgets/section_title.dart
DA:6,1
DA:11,1
DA:13,6
LF:3
LH:3
end_of_record
